<?xml version="1.0" encoding="UTF-8"?>
<testng-results ignored="0" total="1" passed="1" failed="0" skipped="0">
  <reporter-output>
  </reporter-output>
  <suite started-at="2025-05-24T22:27:39 IST" name="Surefire suite" finished-at="2025-05-24T22:27:39 IST" duration-ms="71">
    <groups>
    </groups>
    <test started-at="2025-05-24T22:27:39 IST" name="Surefire test" finished-at="2025-05-24T22:27:39 IST" duration-ms="71">
      <class name="selen1.chromedemoTest">
        <test-method signature="VedamTest()[pri:0, instance:selen1.chromedemoTest@25084a1e]" started-at="2025-05-24T22:27:39 IST" name="VedamTest" finished-at="2025-05-24T22:27:39 IST" duration-ms="6" status="PASS">
          <reporter-output>
          </reporter-output>
        </test-method> <!-- VedamTest -->
      </class> <!-- selen1.chromedemoTest -->
    </test> <!-- Surefire test -->
  </suite> <!-- Surefire suite -->
</testng-results>
